Compiled jquery.js  (1ms)  (pid 47570)
Compiled jquery_ujs.js  (0ms)  (pid 47570)
Compiled bootstrap-transition.js  (0ms)  (pid 47570)
Compiled bootstrap-affix.js  (0ms)  (pid 47570)
Compiled bootstrap-alert.js  (0ms)  (pid 47570)
Compiled bootstrap-button.js  (0ms)  (pid 47570)
Compiled bootstrap-carousel.js  (0ms)  (pid 47570)
Compiled bootstrap-collapse.js  (0ms)  (pid 47570)
Compiled bootstrap-dropdown.js  (0ms)  (pid 47570)
Compiled bootstrap-modal.js  (0ms)  (pid 47570)
Compiled bootstrap-scrollspy.js  (0ms)  (pid 47570)
Compiled bootstrap-tab.js  (0ms)  (pid 47570)
Compiled bootstrap-tooltip.js  (0ms)  (pid 47570)
Compiled bootstrap-popover.js  (0ms)  (pid 47570)
Compiled bootstrap-typeahead.js  (0ms)  (pid 47570)
Compiled bootstrap.js  (96ms)  (pid 47570)
Compiled courses.js  (123ms)  (pid 47570)
Compiled home.js  (53ms)  (pid 47570)
Compiled orders.js  (53ms)  (pid 47570)
Compiled application.js  (501ms)  (pid 47570)
Compiled bootstrap_and_overrides.css  (1723ms)  (pid 47570)
Compiled courses.css  (1ms)  (pid 47570)
Compiled home.css  (1ms)  (pid 47570)
Compiled orders.css  (1ms)  (pid 47570)
Compiled scaffolds.css  (22ms)  (pid 47570)
Compiled application.css  (1868ms)  (pid 47570)
Compiled jquery.js  (1ms)  (pid 47570)
Compiled jquery_ujs.js  (0ms)  (pid 47570)
Compiled bootstrap-transition.js  (0ms)  (pid 47570)
Compiled bootstrap-affix.js  (0ms)  (pid 47570)
Compiled bootstrap-alert.js  (0ms)  (pid 47570)
Compiled bootstrap-button.js  (0ms)  (pid 47570)
Compiled bootstrap-carousel.js  (0ms)  (pid 47570)
Compiled bootstrap-collapse.js  (0ms)  (pid 47570)
Compiled bootstrap-dropdown.js  (0ms)  (pid 47570)
Compiled bootstrap-modal.js  (18ms)  (pid 47570)
Compiled bootstrap-scrollspy.js  (0ms)  (pid 47570)
Compiled bootstrap-tab.js  (0ms)  (pid 47570)
Compiled bootstrap-tooltip.js  (0ms)  (pid 47570)
Compiled bootstrap-popover.js  (0ms)  (pid 47570)
Compiled bootstrap-typeahead.js  (0ms)  (pid 47570)
Compiled bootstrap.js  (90ms)  (pid 47570)
Compiled courses.js  (170ms)  (pid 47570)
Compiled home.js  (52ms)  (pid 47570)
Compiled orders.js  (52ms)  (pid 47570)
Compiled application.js  (415ms)  (pid 47570)
Compiled bootstrap_and_overrides.css  (1613ms)  (pid 47570)
Compiled courses.css  (1ms)  (pid 47570)
Compiled home.css  (1ms)  (pid 47570)
Compiled orders.css  (1ms)  (pid 47570)
Compiled scaffolds.css  (10ms)  (pid 47570)
Compiled application.css  (1834ms)  (pid 47570)
